<?xml version="1.0" encoding="UTF-8"?>
<!-- Generated by org.testng.reporters.JUnitReportReporter -->
<testsuite skipped="0" hostname="DESKTOP-R3AOEOM" name="org.test.SampleTestNg" tests="1" failures="0" timestamp="2020-05-05T08:57:54 IST" time="0.033" errors="0">
  <testcase name="tc1" time="0.033" classname="org.test.SampleTestNg"/>
  <system-out/>
</testsuite> <!-- org.test.SampleTestNg -->
